<?xml version="1.0" encoding="UTF-8"?>
<testsuite name="Td2.Exercice2.PairTest" tests="1" skipped="0" failures="0" errors="0" timestamp="2021-10-25T10:04:42" hostname="LAPTOP-47LD9NFV" time="0.001">
  <properties/>
  <testcase name="testFst()" classname="Td2.Exercice2.PairTest" time="0.001"/>
  <system-out><![CDATA[]]></system-out>
  <system-err><![CDATA[]]></system-err>
</testsuite>
